env_V0.32/app/build/intermediates/manifest_merge_blame_file/debug/manifest-merger-blame-debug-report.txt
1<?xml version="1.0" encoding="utf-8"?>
2<manifest xmlns:android="http://schemas.android.com/apk/res/android"
3    package="com.example.env"
4    android:versionCode="1"
5    android:versionName="1.0" >
6
7    <uses-sdk
8        android:minSdkVersion="16"
8-->src/main/AndroidManifest.xml
9        android:targetSdkVersion="29" />
9-->src/main/AndroidManifest.xml
10
11    <uses-permission android:name="android.permission.INTERNET" />
11-->src/main/AndroidManifest.xml:5:5-67
11-->src/main/AndroidManifest.xml:5:22-64
12
13    <!-- Although the *SdkVersion is captured in gradle build files, this is required for non gradle builds -->
14    <!-- <uses-sdk android:minSdkVersion="14" /> -->
15    <uses-permission android:name="android.permission.ACCESS_NETWORK_STATE" />
15-->[com.google.firebase:firebase-firestore:21.4.1] AndroidManifest.xml:13:5-79
15-->[com.google.firebase:firebase-firestore:21.4.1] AndroidManifest.xml:13:22-76
16    <uses-permission android:name="android.permission.WAKE_LOCK" /> <!-- Required by older versions of Google Play services to create IID tokens -->
16-->[com.google.android.gms:play-services-measurement-api:17.2.3] AndroidManifest.xml:24:5-68
16-->[com.google.android.gms:play-services-measurement-api:17.2.3] AndroidManifest.xml:24:22-65
17    <uses-permission android:name="com.google.android.c2dm.permission.RECEIVE" />
17-->[com.google.firebase:firebase-iid:20.0.2] AndroidManifest.xml:26:5-82
17-->[com.google.firebase:firebase-iid:20.0.2] AndroidManifest.xml:26:22-79
18    <uses-permission android:name="com.google.android.finsky.permission.BIND_GET_INSTALL_REFERRER_SERVICE" />
18-->[com.google.android.gms:play-services-measurement:17.2.3] AndroidManifest.xml:26:5-110
18-->[com.google.android.gms:play-services-measurement:17.2.3] AndroidManifest.xml:26:22-107
19
20    <application
20-->src/main/AndroidManifest.xml:7:5-45:19
21        android:name="androidx.multidex.MultiDexApplication"
22        android:allowBackup="true"
22-->src/main/AndroidManifest.xml:8:9-35
23        android:appComponentFactory="androidx.core.app.CoreComponentFactory"
23-->[androidx.core:core:1.0.1] AndroidManifest.xml:22:18-86
24        android:debuggable="true"
25        android:icon="@mipmap/ic_launcher"
25-->src/main/AndroidManifest.xml:9:9-43
26        android:label="@string/app_name"
26-->src/main/AndroidManifest.xml:10:9-41
27        android:roundIcon="@mipmap/ic_launcher_round"
27-->src/main/AndroidManifest.xml:11:9-54
28        android:supportsRtl="true"
28-->src/main/AndroidManifest.xml:12:9-35
29        android:testOnly="true"
30        android:theme="@style/AppTheme" >
30-->src/main/AndroidManifest.xml:13:9-40
31        <activity
31-->src/main/AndroidManifest.xml:14:9-17:20
32            android:name="com.example.env.ui.dashboard.ViewOtherListing"
32-->src/main/AndroidManifest.xml:14:19-64
33            android:label="@string/title_activity_view_other_listing"
33-->src/main/AndroidManifest.xml:15:13-70
34            android:theme="@style/AppTheme.NoActionBar" >
34-->src/main/AndroidManifest.xml:16:13-56
35        </activity>
36        <activity
36-->src/main/AndroidManifest.xml:18:9-21:59
37            android:name="com.example.env.ui.home.EditListing"
37-->src/main/AndroidManifest.xml:19:13-48
38            android:label="@string/title_activity_edit_listing"
38-->src/main/AndroidManifest.xml:20:13-64
39            android:theme="@style/AppTheme.NoActionBar" />
39-->src/main/AndroidManifest.xml:21:13-56
40        <activity
40-->src/main/AndroidManifest.xml:22:9-25:59
41            android:name="com.example.env.ui.home.ViewOwnListing"
41-->src/main/AndroidManifest.xml:23:13-51
42            android:label="@string/title_activity_view_own_listing"
42-->src/main/AndroidManifest.xml:24:13-68
43            android:theme="@style/AppTheme.NoActionBar" />
43-->src/main/AndroidManifest.xml:25:13-56
44        <activity
44-->src/main/AndroidManifest.xml:26:9-34:20
45            android:name="com.example.env.AddListing"
45-->src/main/AndroidManifest.xml:27:13-39
46            android:label="@string/title_activity_add_listing"
46-->src/main/AndroidManifest.xml:28:13-63
47            android:parentActivityName="com.example.env.MainActivity"
47-->src/main/AndroidManifest.xml:29:13-55
48            android:theme="@style/AppTheme.NoActionBar" >
48-->src/main/AndroidManifest.xml:30:13-56
49            <meta-data
49-->src/main/AndroidManifest.xml:31:13-33:64
50                android:name="android.support.PARENT_ACTIVITY"
50-->src/main/AndroidManifest.xml:32:17-63
51                android:value="com.example.env.MainActivity" />
51-->src/main/AndroidManifest.xml:33:17-61
52        </activity>
53        <activity android:name="com.example.env.MainActivity" />
53-->src/main/AndroidManifest.xml:35:9-50
53-->src/main/AndroidManifest.xml:35:19-47
54        <activity
54-->src/main/AndroidManifest.xml:36:9-44:20
55            android:name="com.example.env.LoginActivity"
55-->src/main/AndroidManifest.xml:37:13-42
56            android:label="@string/app_name" >
56-->src/main/AndroidManifest.xml:38:13-45
57            <intent-filter>
57-->src/main/AndroidManifest.xml:39:13-43:29
58                <action android:name="android.intent.action.MAIN" />
58-->src/main/AndroidManifest.xml:40:17-69
58-->src/main/AndroidManifest.xml:40:25-66
59
60                <category android:name="android.intent.category.LAUNCHER" />
60-->src/main/AndroidManifest.xml:42:17-77
60-->src/main/AndroidManifest.xml:42:27-74
61            </intent-filter>
62        </activity>
63        <activity
63-->[com.google.firebase:firebase-auth:19.2.0] AndroidManifest.xml:24:9-31:50
64            android:name="com.google.firebase.auth.internal.FederatedSignInActivity"
64-->[com.google.firebase:firebase-auth:19.2.0] AndroidManifest.xml:25:13-85
65            android:excludeFromRecents="true"
65-->[com.google.firebase:firebase-auth:19.2.0] AndroidManifest.xml:26:13-46
66            android:exported="true"
66-->[com.google.firebase:firebase-auth:19.2.0] AndroidManifest.xml:27:13-36
67            android:launchMode="singleTask"
67-->[com.google.firebase:firebase-auth:19.2.0] AndroidManifest.xml:28:13-44
68            android:permission="com.google.firebase.auth.api.gms.permission.LAUNCH_FEDERATED_SIGN_IN"
68-->[com.google.firebase:firebase-auth:19.2.0] AndroidManifest.xml:29:13-102
69            android:theme="@android:style/Theme.Translucent.NoTitleBar" />
69-->[com.google.firebase:firebase-auth:19.2.0] AndroidManifest.xml:30:13-72
70
71        <service
71-->[com.google.firebase:firebase-auth:19.2.0] AndroidManifest.xml:33:9-39:19
72            android:name="com.google.firebase.components.ComponentDiscoveryService"
72-->[com.google.firebase:firebase-auth:19.2.0] AndroidManifest.xml:34:13-84
73            android:directBootAware="true"
73-->[com.google.firebase:firebase-common:19.3.0] AndroidManifest.xml:34:13-43
74            android:exported="false" >
74-->[com.google.firebase:firebase-auth:19.2.0] AndroidManifest.xml:35:13-37
75            <meta-data
75-->[com.google.firebase:firebase-auth:19.2.0] AndroidManifest.xml:36:13-38:85
76                android:name="com.google.firebase.components:com.google.firebase.auth.FirebaseAuthRegistrar"
76-->[com.google.firebase:firebase-auth:19.2.0] AndroidManifest.xml:37:17-109
77                android:value="com.google.firebase.components.ComponentRegistrar" />
77-->[com.google.firebase:firebase-auth:19.2.0] AndroidManifest.xml:38:17-82
78            <meta-data
78-->[com.google.firebase:firebase-firestore:21.4.1] AndroidManifest.xml:20:13-22:85
79                android:name="com.google.firebase.components:com.google.firebase.firestore.FirestoreRegistrar"
79-->[com.google.firebase:firebase-firestore:21.4.1] AndroidManifest.xml:21:17-111
80                android:value="com.google.firebase.components.ComponentRegistrar" />
80-->[com.google.firebase:firebase-firestore:21.4.1] AndroidManifest.xml:22:17-82
81            <meta-data
81-->[com.google.firebase:firebase-database:19.2.1] AndroidManifest.xml:32:13-34:85
82                android:name="com.google.firebase.components:com.google.firebase.database.DatabaseRegistrar"
82-->[com.google.firebase:firebase-database:19.2.1] AndroidManifest.xml:33:17-109
83                android:value="com.google.firebase.components.ComponentRegistrar" />
83-->[com.google.firebase:firebase-database:19.2.1] AndroidManifest.xml:34:17-82
84            <meta-data
84-->[com.google.android.gms:play-services-measurement-api:17.2.3] AndroidManifest.xml:30:13-32:85
85                android:name="com.google.firebase.components:com.google.firebase.analytics.connector.internal.AnalyticsConnectorRegistrar"
85-->[com.google.android.gms:play-services-measurement-api:17.2.3] AndroidManifest.xml:31:17-139
86                android:value="com.google.firebase.components.ComponentRegistrar" />
86-->[com.google.android.gms:play-services-measurement-api:17.2.3] AndroidManifest.xml:32:17-82
87            <meta-data
87-->[com.google.firebase:firebase-iid:20.0.2] AndroidManifest.xml:32:13-34:85
88                android:name="com.google.firebase.components:com.google.firebase.iid.Registrar"
88-->[com.google.firebase:firebase-iid:20.0.2] AndroidManifest.xml:33:17-96
89                android:value="com.google.firebase.components.ComponentRegistrar" />
89-->[com.google.firebase:firebase-iid:20.0.2] AndroidManifest.xml:34:17-82
90        </service>
91
92        <activity
92-->[com.google.android.gms:play-services-auth:17.0.0] AndroidManifest.xml:23:9-27:75
93            android:name="com.google.android.gms.auth.api.signin.internal.SignInHubActivity"
93-->[com.google.android.gms:play-services-auth:17.0.0] AndroidManifest.xml:24:13-93
94            android:excludeFromRecents="true"
94-->[com.google.android.gms:play-services-auth:17.0.0] AndroidManifest.xml:25:13-46
95            android:exported="false"
95-->[com.google.android.gms:play-services-auth:17.0.0] AndroidManifest.xml:26:13-37
96            android:theme="@android:style/Theme.Translucent.NoTitleBar" />
96-->[com.google.android.gms:play-services-auth:17.0.0] AndroidManifest.xml:27:13-72
97        <!--
98            Service handling Google Sign-In user revocation. For apps that do not integrate with
99            Google Sign-In, this service will never be started.
100        -->
101        <service
101-->[com.google.android.gms:play-services-auth:17.0.0] AndroidManifest.xml:33:9-36:110
102            android:name="com.google.android.gms.auth.api.signin.RevocationBoundService"
102-->[com.google.android.gms:play-services-auth:17.0.0] AndroidManifest.xml:34:13-89
103            android:exported="true"
103-->[com.google.android.gms:play-services-auth:17.0.0] AndroidManifest.xml:35:13-36
104            android:permission="com.google.android.gms.auth.api.signin.permission.REVOCATION_NOTIFICATION" />
104-->[com.google.android.gms:play-services-auth:17.0.0] AndroidManifest.xml:36:13-107
105
106        <receiver
106-->[com.google.firebase:firebase-iid:20.0.2] AndroidManifest.xml:37:9-44:20
107            android:name="com.google.firebase.iid.FirebaseInstanceIdReceiver"
107-->[com.google.firebase:firebase-iid:20.0.2] AndroidManifest.xml:38:13-78
108            android:exported="true"
108-->[com.google.firebase:firebase-iid:20.0.2] AndroidManifest.xml:39:13-36
109            android:permission="com.google.android.c2dm.permission.SEND" >
109-->[com.google.firebase:firebase-iid:20.0.2] AndroidManifest.xml:40:13-73
110            <intent-filter>
110-->[com.google.firebase:firebase-iid:20.0.2] AndroidManifest.xml:41:13-43:29
111                <action android:name="com.google.android.c2dm.intent.RECEIVE" />
111-->[com.google.firebase:firebase-iid:20.0.2] AndroidManifest.xml:42:17-81
111-->[com.google.firebase:firebase-iid:20.0.2] AndroidManifest.xml:42:25-78
112            </intent-filter>
113        </receiver>
114
115        <activity
115-->[com.google.android.gms:play-services-base:17.1.0] AndroidManifest.xml:23:9-26:75
116            android:name="com.google.android.gms.common.api.GoogleApiActivity"
116-->[com.google.android.gms:play-services-base:17.1.0] AndroidManifest.xml:24:13-79
117            android:exported="false"
117-->[com.google.android.gms:play-services-base:17.1.0] AndroidManifest.xml:25:13-37
118            android:theme="@android:style/Theme.Translucent.NoTitleBar" />
118-->[com.google.android.gms:play-services-base:17.1.0] AndroidManifest.xml:26:13-72
119
120        <provider
120-->[com.google.firebase:firebase-common:19.3.0] AndroidManifest.xml:26:9-30:39
121            android:name="com.google.firebase.provider.FirebaseInitProvider"
121-->[com.google.firebase:firebase-common:19.3.0] AndroidManifest.xml:27:13-77
122            android:authorities="com.example.env.firebaseinitprovider"
122-->[com.google.firebase:firebase-common:19.3.0] AndroidManifest.xml:28:13-72
123            android:exported="false"
123-->[com.google.firebase:firebase-common:19.3.0] AndroidManifest.xml:29:13-37
124            android:initOrder="100" />
124-->[com.google.firebase:firebase-common:19.3.0] AndroidManifest.xml:30:13-36
125
126        <receiver
126-->[com.google.android.gms:play-services-measurement:17.2.3] AndroidManifest.xml:29:9-33:20
127            android:name="com.google.android.gms.measurement.AppMeasurementReceiver"
127-->[com.google.android.gms:play-services-measurement:17.2.3] AndroidManifest.xml:30:13-85
128            android:enabled="true"
128-->[com.google.android.gms:play-services-measurement:17.2.3] AndroidManifest.xml:31:13-35
129            android:exported="false" >
129-->[com.google.android.gms:play-services-measurement:17.2.3] AndroidManifest.xml:32:13-37
130        </receiver>
131        <receiver
131-->[com.google.android.gms:play-services-measurement:17.2.3] AndroidManifest.xml:34:9-42:20
132            android:name="com.google.android.gms.measurement.AppMeasurementInstallReferrerReceiver"
132-->[com.google.android.gms:play-services-measurement:17.2.3] AndroidManifest.xml:35:13-100
133            android:enabled="true"
133-->[com.google.android.gms:play-services-measurement:17.2.3] AndroidManifest.xml:36:13-35
134            android:exported="true"
134-->[com.google.android.gms:play-services-measurement:17.2.3] AndroidManifest.xml:37:13-36
135            android:permission="android.permission.INSTALL_PACKAGES" >
135-->[com.google.android.gms:play-services-measurement:17.2.3] AndroidManifest.xml:38:13-69
136            <intent-filter>
136-->[com.google.android.gms:play-services-measurement:17.2.3] AndroidManifest.xml:39:13-41:29
137                <action android:name="com.android.vending.INSTALL_REFERRER" />
137-->[com.google.android.gms:play-services-measurement:17.2.3] AndroidManifest.xml:40:17-79
137-->[com.google.android.gms:play-services-measurement:17.2.3] AndroidManifest.xml:40:25-76
138            </intent-filter>
139        </receiver>
140
141        <service
141-->[com.google.android.gms:play-services-measurement:17.2.3] AndroidManifest.xml:44:9-47:40
142            android:name="com.google.android.gms.measurement.AppMeasurementService"
142-->[com.google.android.gms:play-services-measurement:17.2.3] AndroidManifest.xml:45:13-84
143            android:enabled="true"
143-->[com.google.android.gms:play-services-measurement:17.2.3] AndroidManifest.xml:46:13-35
144            android:exported="false" />
144-->[com.google.android.gms:play-services-measurement:17.2.3] AndroidManifest.xml:47:13-37
145        <service
145-->[com.google.android.gms:play-services-measurement:17.2.3] AndroidManifest.xml:48:9-52:72
146            android:name="com.google.android.gms.measurement.AppMeasurementJobService"
146-->[com.google.android.gms:play-services-measurement:17.2.3] AndroidManifest.xml:49:13-87
147            android:enabled="true"
147-->[com.google.android.gms:play-services-measurement:17.2.3] AndroidManifest.xml:50:13-35
148            android:exported="false"
148-->[com.google.android.gms:play-services-measurement:17.2.3] AndroidManifest.xml:51:13-37
149            android:permission="android.permission.BIND_JOB_SERVICE" />
149-->[com.google.android.gms:play-services-measurement:17.2.3] AndroidManifest.xml:52:13-69
150
151        <meta-data
151-->[com.google.android.gms:play-services-basement:17.0.0] AndroidManifest.xml:23:9-25:69
152            android:name="com.google.android.gms.version"
152-->[com.google.android.gms:play-services-basement:17.0.0] AndroidManifest.xml:24:13-58
153            android:value="@integer/google_play_services_version" />
153-->[com.google.android.gms:play-services-basement:17.0.0] AndroidManifest.xml:25:13-66
154
155        <provider
155-->[androidx.lifecycle:lifecycle-process:2.0.0] AndroidManifest.xml:23:9-27:43
156            android:name="androidx.lifecycle.ProcessLifecycleOwnerInitializer"
156-->[androidx.lifecycle:lifecycle-process:2.0.0] AndroidManifest.xml:24:13-79
157            android:authorities="com.example.env.lifecycle-process"
157-->[androidx.lifecycle:lifecycle-process:2.0.0] AndroidManifest.xml:25:13-69
158            android:exported="false"
158-->[androidx.lifecycle:lifecycle-process:2.0.0] AndroidManifest.xml:26:13-37
159            android:multiprocess="true" />
159-->[androidx.lifecycle:lifecycle-process:2.0.0] AndroidManifest.xml:27:13-40
160    </application>
161
162</manifest>